build/app/intermediates/manifest_merge_blame_file/debug/manifest-merger-blame-debug-report.txt
1<?xml version="1.0" encoding="utf-8"?>
2<manifest xmlns:android="http://schemas.android.com/apk/res/android"
3    package="com.codingwithflutter.time_tracker_flutter_course"
4    android:versionCode="1"
5    android:versionName="1.0.0" >
6
7    <uses-sdk
8        android:minSdkVersion="21"
9        android:targetSdkVersion="29" />
10    <!--
11         Flutter needs it to communicate with the running application
12         to allow setting breakpoints, to provide hot reload, etc.
13    -->
14    <uses-permission android:name="android.permission.INTERNET" />
14-->src\main\AndroidManifest.xml:9:5-66
14-->src\main\AndroidManifest.xml:9:22-64
15    <!-- Although the *SdkVersion is captured in gradle build files, this is required for non gradle builds -->
16    <!-- <uses-sdk android:minSdkVersion="14" /> -->
17    <uses-permission android:name="android.permission.ACCESS_NETWORK_STATE" />
17-->[com.google.firebase:firebase-firestore:23.0.1] AndroidManifest.xml:13:5-79
17-->[com.google.firebase:firebase-firestore:23.0.1] AndroidManifest.xml:13:22-76
18    <uses-permission android:name="android.permission.WAKE_LOCK" />
18-->[com.google.android.gms:play-services-measurement:19.0.0] AndroidManifest.xml:25:5-68
18-->[com.google.android.gms:play-services-measurement:19.0.0] AndroidManifest.xml:25:22-65
19    <uses-permission android:name="com.google.android.finsky.permission.BIND_GET_INSTALL_REFERRER_SERVICE" />
19-->[com.google.android.gms:play-services-measurement:19.0.0] AndroidManifest.xml:26:5-110
19-->[com.google.android.gms:play-services-measurement:19.0.0] AndroidManifest.xml:26:22-107
20
21    <application
21-->src\main\AndroidManifest.xml:11:5-69:19
22        android:name="io.flutter.app.FlutterApplication"
22-->src\main\AndroidManifest.xml:12:9-57
23        android:appComponentFactory="androidx.core.app.CoreComponentFactory"
23-->[androidx.core:core:1.1.0] AndroidManifest.xml:24:18-86
24        android:debuggable="true"
25        android:icon="@mipmap/ic_launcher"
25-->src\main\AndroidManifest.xml:14:9-43
26        android:label="time_tracker_flutter_course"
26-->src\main\AndroidManifest.xml:13:9-52
27        android:supportsRtl="true" >
27-->[com.facebook.android:facebook-login:8.1.0] AndroidManifest.xml:28:18-44
28        <activity
28-->src\main\AndroidManifest.xml:15:9-43:20
29            android:name="com.codingwithflutter.time_tracker_flutter_course.MainActivity"
29-->src\main\AndroidManifest.xml:16:13-41
30            android:configChanges="orientation|keyboardHidden|keyboard|screenSize|smallestScreenSize|locale|layoutDirection|fontScale|screenLayout|density|uiMode"
30-->src\main\AndroidManifest.xml:19:13-163
31            android:hardwareAccelerated="true"
31-->src\main\AndroidManifest.xml:20:13-47
32            android:launchMode="singleTop"
32-->src\main\AndroidManifest.xml:17:13-43
33            android:theme="@style/LaunchTheme"
33-->src\main\AndroidManifest.xml:18:13-47
34            android:windowSoftInputMode="adjustResize" >
34-->src\main\AndroidManifest.xml:21:13-55
35
36            <!--
37                 Specifies an Android theme to apply to this Activity as soon as
38                 the Android process has started. This theme is visible to the user
39                 while the Flutter UI initializes. After that, this theme continues
40                 to determine the Window background behind the Flutter UI.
41            -->
42            <meta-data
42-->src\main\AndroidManifest.xml:26:13-29:17
43                android:name="io.flutter.embedding.android.NormalTheme"
43-->src\main\AndroidManifest.xml:27:15-70
44                android:resource="@style/NormalTheme" />
44-->src\main\AndroidManifest.xml:28:15-52
45            <!--
46                 Displays an Android View that continues showing the launch screen
47                 Drawable until Flutter paints its first frame, then this splash
48                 screen fades out. A splash screen is useful to avoid any visual
49                 gap between the end of Android's launch screen and the painting of
50                 Flutter's first frame.
51            -->
52            <meta-data
52-->src\main\AndroidManifest.xml:35:13-38:17
53                android:name="io.flutter.embedding.android.SplashScreenDrawable"
53-->src\main\AndroidManifest.xml:36:15-79
54                android:resource="@drawable/launch_background" />
54-->src\main\AndroidManifest.xml:37:15-61
55
56            <intent-filter>
56-->src\main\AndroidManifest.xml:39:13-42:29
57                <action android:name="android.intent.action.MAIN" />
57-->src\main\AndroidManifest.xml:40:17-68
57-->src\main\AndroidManifest.xml:40:25-66
58
59                <category android:name="android.intent.category.LAUNCHER" />
59-->src\main\AndroidManifest.xml:41:17-76
59-->src\main\AndroidManifest.xml:41:27-74
60            </intent-filter>
61        </activity>
62
63        <meta-data
63-->src\main\AndroidManifest.xml:45:9-46:54
64            android:name="com.facebook.sdk.ApplicationId"
64-->src\main\AndroidManifest.xml:45:20-65
65            android:value="@string/facebook_app_id" />
65-->src\main\AndroidManifest.xml:46:13-52
66
67        <activity
67-->src\main\AndroidManifest.xml:48:9-51:48
68            android:name="com.facebook.FacebookActivity"
68-->src\main\AndroidManifest.xml:48:19-63
69            android:configChanges="keyboard|keyboardHidden|screenLayout|screenSize|orientation"
69-->src\main\AndroidManifest.xml:49:13-113
70            android:label="@string/app_name"
70-->src\main\AndroidManifest.xml:51:13-45
71            android:theme="@style/com_facebook_activity_theme" />
71-->[com.facebook.android:facebook-common:8.1.0] AndroidManifest.xml:33:13-63
72        <activity
72-->src\main\AndroidManifest.xml:52:9-61:20
73            android:name="com.facebook.CustomTabActivity"
73-->src\main\AndroidManifest.xml:53:13-58
74            android:exported="true" >
74-->src\main\AndroidManifest.xml:54:13-36
75            <intent-filter>
75-->src\main\AndroidManifest.xml:55:13-60:29
76                <action android:name="android.intent.action.VIEW" />
76-->src\main\AndroidManifest.xml:56:17-69
76-->src\main\AndroidManifest.xml:56:25-66
77
78                <category android:name="android.intent.category.DEFAULT" />
78-->src\main\AndroidManifest.xml:57:17-76
78-->src\main\AndroidManifest.xml:57:27-73
79                <category android:name="android.intent.category.BROWSABLE" />
79-->src\main\AndroidManifest.xml:58:17-78
79-->src\main\AndroidManifest.xml:58:27-75
80
81                <data android:scheme="@string/fb_login_protocol_scheme" />
81-->src\main\AndroidManifest.xml:59:17-75
81-->src\main\AndroidManifest.xml:59:23-72
82            </intent-filter>
83            <intent-filter>
83-->[com.facebook.android:facebook-common:8.1.0] AndroidManifest.xml:39:13-48:29
84                <action android:name="android.intent.action.VIEW" />
84-->src\main\AndroidManifest.xml:56:17-69
84-->src\main\AndroidManifest.xml:56:25-66
85
86                <category android:name="android.intent.category.DEFAULT" />
86-->src\main\AndroidManifest.xml:57:17-76
86-->src\main\AndroidManifest.xml:57:27-73
87                <category android:name="android.intent.category.BROWSABLE" />
87-->src\main\AndroidManifest.xml:58:17-78
87-->src\main\AndroidManifest.xml:58:27-75
88
89                <data
89-->src\main\AndroidManifest.xml:59:17-75
90                    android:host="cct.com.codingwithflutter.time_tracker_flutter_course"
91                    android:scheme="fbconnect" />
91-->src\main\AndroidManifest.xml:59:23-72
92            </intent-filter>
93        </activity>
94
95        <!--
96             Don't delete the meta-data below.
97             This is used by the Flutter tool to generate GeneratedPluginRegistrant.java
98        -->
99        <meta-data
99-->src\main\AndroidManifest.xml:66:9-68:33
100            android:name="flutterEmbedding"
100-->src\main\AndroidManifest.xml:67:13-44
101            android:value="2" />
101-->src\main\AndroidManifest.xml:68:13-30
102
103        <service
103-->[:firebase_auth] AndroidManifest.xml:8:9-12:19
104            android:name="com.google.firebase.components.ComponentDiscoveryService"
104-->[:firebase_auth] AndroidManifest.xml:8:18-89
105            android:directBootAware="true"
105-->[com.google.firebase:firebase-common:20.0.0] AndroidManifest.xml:35:13-43
106            android:exported="false" >
106-->[com.google.firebase:firebase-firestore:23.0.1] AndroidManifest.xml:19:13-37
107            <meta-data
107-->[:firebase_auth] AndroidManifest.xml:9:13-11:85
108                android:name="com.google.firebase.components:io.flutter.plugins.firebase.auth.FlutterFirebaseAuthRegistrar"
108-->[:firebase_auth] AndroidManifest.xml:10:17-124
109                android:value="com.google.firebase.components.ComponentRegistrar" />
109-->[:firebase_auth] AndroidManifest.xml:11:17-82
110            <meta-data
110-->[:cloud_firestore] AndroidManifest.xml:9:13-11:85
111                android:name="com.google.firebase.components:io.flutter.plugins.firebase.firestore.FlutterFirebaseFirestoreRegistrar"
111-->[:cloud_firestore] AndroidManifest.xml:10:17-134
112                android:value="com.google.firebase.components.ComponentRegistrar" />
112-->[:cloud_firestore] AndroidManifest.xml:11:17-82
113            <meta-data
113-->[:firebase_core] AndroidManifest.xml:9:13-11:85
114                android:name="com.google.firebase.components:io.flutter.plugins.firebase.core.FlutterFirebaseCoreRegistrar"
114-->[:firebase_core] AndroidManifest.xml:10:17-124
115                android:value="com.google.firebase.components.ComponentRegistrar" />
115-->[:firebase_core] AndroidManifest.xml:11:17-82
116            <meta-data
116-->[com.google.firebase:firebase-firestore:23.0.1] AndroidManifest.xml:20:13-22:85
117                android:name="com.google.firebase.components:com.google.firebase.firestore.FirestoreRegistrar"
117-->[com.google.firebase:firebase-firestore:23.0.1] AndroidManifest.xml:21:17-111
118                android:value="com.google.firebase.components.ComponentRegistrar" />
118-->[com.google.firebase:firebase-firestore:23.0.1] AndroidManifest.xml:22:17-82
119            <meta-data
119-->[com.google.firebase:firebase-auth:21.0.1] AndroidManifest.xml:77:13-79:85
120                android:name="com.google.firebase.components:com.google.firebase.auth.FirebaseAuthRegistrar"
120-->[com.google.firebase:firebase-auth:21.0.1] AndroidManifest.xml:78:17-109
121                android:value="com.google.firebase.components.ComponentRegistrar" />
121-->[com.google.firebase:firebase-auth:21.0.1] AndroidManifest.xml:79:17-82
122            <meta-data
122-->[com.google.android.gms:play-services-measurement-api:19.0.0] AndroidManifest.xml:30:13-32:85
123                android:name="com.google.firebase.components:com.google.firebase.analytics.connector.internal.AnalyticsConnectorRegistrar"
123-->[com.google.android.gms:play-services-measurement-api:19.0.0] AndroidManifest.xml:31:17-139
124                android:value="com.google.firebase.components.ComponentRegistrar" />
124-->[com.google.android.gms:play-services-measurement-api:19.0.0] AndroidManifest.xml:32:17-82
125            <meta-data
125-->[com.google.firebase:firebase-installations:17.0.0] AndroidManifest.xml:18:13-20:85
126                android:name="com.google.firebase.components:com.google.firebase.installations.FirebaseInstallationsRegistrar"
126-->[com.google.firebase:firebase-installations:17.0.0] AndroidManifest.xml:19:17-127
127                android:value="com.google.firebase.components.ComponentRegistrar" />
127-->[com.google.firebase:firebase-installations:17.0.0] AndroidManifest.xml:20:17-82
128        </service>
129
130        <activity
130-->[com.google.firebase:firebase-auth:21.0.1] AndroidManifest.xml:27:9-44:20
131            android:name="com.google.firebase.auth.internal.GenericIdpActivity"
131-->[com.google.firebase:firebase-auth:21.0.1] AndroidManifest.xml:28:13-80
132            android:excludeFromRecents="true"
132-->[com.google.firebase:firebase-auth:21.0.1] AndroidManifest.xml:29:13-46
133            android:exported="true"
133-->[com.google.firebase:firebase-auth:21.0.1] AndroidManifest.xml:30:13-36
134            android:launchMode="singleTask"
134-->[com.google.firebase:firebase-auth:21.0.1] AndroidManifest.xml:31:13-44
135            android:theme="@android:style/Theme.Translucent.NoTitleBar" >
135-->[com.google.firebase:firebase-auth:21.0.1] AndroidManifest.xml:32:13-72
136            <intent-filter>
136-->[com.google.firebase:firebase-auth:21.0.1] AndroidManifest.xml:33:13-43:29
137                <action android:name="android.intent.action.VIEW" />
137-->src\main\AndroidManifest.xml:56:17-69
137-->src\main\AndroidManifest.xml:56:25-66
138
139                <category android:name="android.intent.category.DEFAULT" />
139-->src\main\AndroidManifest.xml:57:17-76
139-->src\main\AndroidManifest.xml:57:27-73
140                <category android:name="android.intent.category.BROWSABLE" />
140-->src\main\AndroidManifest.xml:58:17-78
140-->src\main\AndroidManifest.xml:58:27-75
141
142                <data
142-->src\main\AndroidManifest.xml:59:17-75
143                    android:host="firebase.auth"
144                    android:path="/"
145                    android:scheme="genericidp" />
145-->src\main\AndroidManifest.xml:59:23-72
146            </intent-filter>
147        </activity>
148        <activity
148-->[com.google.firebase:firebase-auth:21.0.1] AndroidManifest.xml:45:9-62:20
149            android:name="com.google.firebase.auth.internal.RecaptchaActivity"
149-->[com.google.firebase:firebase-auth:21.0.1] AndroidManifest.xml:46:13-79
150            android:excludeFromRecents="true"
150-->[com.google.firebase:firebase-auth:21.0.1] AndroidManifest.xml:47:13-46
151            android:exported="true"
151-->[com.google.firebase:firebase-auth:21.0.1] AndroidManifest.xml:48:13-36
152            android:launchMode="singleTask"
152-->[com.google.firebase:firebase-auth:21.0.1] AndroidManifest.xml:49:13-44
153            android:theme="@android:style/Theme.Translucent.NoTitleBar" >
153-->[com.google.firebase:firebase-auth:21.0.1] AndroidManifest.xml:50:13-72
154            <intent-filter>
154-->[com.google.firebase:firebase-auth:21.0.1] AndroidManifest.xml:51:13-61:29
155                <action android:name="android.intent.action.VIEW" />
155-->src\main\AndroidManifest.xml:56:17-69
155-->src\main\AndroidManifest.xml:56:25-66
156
157                <category android:name="android.intent.category.DEFAULT" />
157-->src\main\AndroidManifest.xml:57:17-76
157-->src\main\AndroidManifest.xml:57:27-73
158                <category android:name="android.intent.category.BROWSABLE" />
158-->src\main\AndroidManifest.xml:58:17-78
158-->src\main\AndroidManifest.xml:58:27-75
159
160                <data
160-->src\main\AndroidManifest.xml:59:17-75
161                    android:host="firebase.auth"
162                    android:path="/"
163                    android:scheme="recaptcha" />
163-->src\main\AndroidManifest.xml:59:23-72
164            </intent-filter>
165        </activity>
166
167        <service
167-->[com.google.firebase:firebase-auth:21.0.1] AndroidManifest.xml:64:9-73:19
168            android:name="com.google.firebase.auth.api.fallback.service.FirebaseAuthFallbackService"
168-->[com.google.firebase:firebase-auth:21.0.1] AndroidManifest.xml:65:13-101
169            android:enabled="true"
169-->[com.google.firebase:firebase-auth:21.0.1] AndroidManifest.xml:66:13-35
170            android:exported="false" >
170-->[com.google.firebase:firebase-auth:21.0.1] AndroidManifest.xml:67:13-37
171            <intent-filter>
171-->[com.google.firebase:firebase-auth:21.0.1] AndroidManifest.xml:68:13-72:29
172                <action android:name="com.google.firebase.auth.api.gms.service.START" />
172-->[com.google.firebase:firebase-auth:21.0.1] AndroidManifest.xml:69:17-89
172-->[com.google.firebase:firebase-auth:21.0.1] AndroidManifest.xml:69:25-86
173
174                <category android:name="android.intent.category.DEFAULT" />
174-->src\main\AndroidManifest.xml:57:17-76
174-->src\main\AndroidManifest.xml:57:27-73
175            </intent-filter>
176        </service>
177
178        <activity android:name="com.facebook.CustomTabMainActivity" />
178-->[com.facebook.android:facebook-common:8.1.0] AndroidManifest.xml:34:9-71
178-->[com.facebook.android:facebook-common:8.1.0] AndroidManifest.xml:34:19-68
179        <activity
179-->[com.google.android.gms:play-services-auth:16.0.1] AndroidManifest.xml:23:9-27:75
180            android:name="com.google.android.gms.auth.api.signin.internal.SignInHubActivity"
180-->[com.google.android.gms:play-services-auth:16.0.1] AndroidManifest.xml:24:13-93
181            android:excludeFromRecents="true"
181-->[com.google.android.gms:play-services-auth:16.0.1] AndroidManifest.xml:25:13-46
182            android:exported="false"
182-->[com.google.android.gms:play-services-auth:16.0.1] AndroidManifest.xml:26:13-37
183            android:theme="@android:style/Theme.Translucent.NoTitleBar" />
183-->[com.google.android.gms:play-services-auth:16.0.1] AndroidManifest.xml:27:13-72
184        <!--
185            Service handling Google Sign-In user revocation. For apps that do not integrate with
186            Google Sign-In, this service will never be started.
187        -->
188        <service
188-->[com.google.android.gms:play-services-auth:16.0.1] AndroidManifest.xml:33:9-36:110
189            android:name="com.google.android.gms.auth.api.signin.RevocationBoundService"
189-->[com.google.android.gms:play-services-auth:16.0.1] AndroidManifest.xml:34:13-89
190            android:exported="true"
190-->[com.google.android.gms:play-services-auth:16.0.1] AndroidManifest.xml:35:13-36
191            android:permission="com.google.android.gms.auth.api.signin.permission.REVOCATION_NOTIFICATION" />
191-->[com.google.android.gms:play-services-auth:16.0.1] AndroidManifest.xml:36:13-107
192
193        <activity
193-->[com.google.android.gms:play-services-base:17.1.0] AndroidManifest.xml:23:9-26:75
194            android:name="com.google.android.gms.common.api.GoogleApiActivity"
194-->[com.google.android.gms:play-services-base:17.1.0] AndroidManifest.xml:24:13-79
195            android:exported="false"
195-->[com.google.android.gms:play-services-base:17.1.0] AndroidManifest.xml:25:13-37
196            android:theme="@android:style/Theme.Translucent.NoTitleBar" />
196-->[com.google.android.gms:play-services-base:17.1.0] AndroidManifest.xml:26:13-72
197
198        <receiver
198-->[com.google.android.gms:play-services-measurement:19.0.0] AndroidManifest.xml:29:9-33:20
199            android:name="com.google.android.gms.measurement.AppMeasurementReceiver"
199-->[com.google.android.gms:play-services-measurement:19.0.0] AndroidManifest.xml:30:13-85
200            android:enabled="true"
200-->[com.google.android.gms:play-services-measurement:19.0.0] AndroidManifest.xml:31:13-35
201            android:exported="false" >
201-->[com.google.android.gms:play-services-measurement:19.0.0] AndroidManifest.xml:32:13-37
202        </receiver>
203
204        <service
204-->[com.google.android.gms:play-services-measurement:19.0.0] AndroidManifest.xml:35:9-38:40
205            android:name="com.google.android.gms.measurement.AppMeasurementService"
205-->[com.google.android.gms:play-services-measurement:19.0.0] AndroidManifest.xml:36:13-84
206            android:enabled="true"
206-->[com.google.android.gms:play-services-measurement:19.0.0] AndroidManifest.xml:37:13-35
207            android:exported="false" />
207-->[com.google.android.gms:play-services-measurement:19.0.0] AndroidManifest.xml:38:13-37
208        <service
208-->[com.google.android.gms:play-services-measurement:19.0.0] AndroidManifest.xml:39:9-43:72
209            android:name="com.google.android.gms.measurement.AppMeasurementJobService"
209-->[com.google.android.gms:play-services-measurement:19.0.0] AndroidManifest.xml:40:13-87
210            android:enabled="true"
210-->[com.google.android.gms:play-services-measurement:19.0.0] AndroidManifest.xml:41:13-35
211            android:exported="false"
211-->[com.google.android.gms:play-services-measurement:19.0.0] AndroidManifest.xml:42:13-37
212            android:permission="android.permission.BIND_JOB_SERVICE" />
212-->[com.google.android.gms:play-services-measurement:19.0.0] AndroidManifest.xml:43:13-69
213
214        <provider
214-->[com.google.firebase:firebase-common:20.0.0] AndroidManifest.xml:26:9-31:39
215            android:name="com.google.firebase.provider.FirebaseInitProvider"
215-->[com.google.firebase:firebase-common:20.0.0] AndroidManifest.xml:27:13-77
216            android:authorities="com.codingwithflutter.time_tracker_flutter_course.firebaseinitprovider"
216-->[com.google.firebase:firebase-common:20.0.0] AndroidManifest.xml:28:13-72
217            android:directBootAware="true"
217-->[com.google.firebase:firebase-common:20.0.0] AndroidManifest.xml:29:13-43
218            android:exported="false"
218-->[com.google.firebase:firebase-common:20.0.0] AndroidManifest.xml:30:13-37
219            android:initOrder="100" />
219-->[com.google.firebase:firebase-common:20.0.0] AndroidManifest.xml:31:13-36
220
221        <meta-data
221-->[com.google.android.gms:play-services-basement:17.1.0] AndroidManifest.xml:23:9-25:69
222            android:name="com.google.android.gms.version"
222-->[com.google.android.gms:play-services-basement:17.1.0] AndroidManifest.xml:24:13-58
223            android:value="@integer/google_play_services_version" />
223-->[com.google.android.gms:play-services-basement:17.1.0] AndroidManifest.xml:25:13-66
224        <!--
225         The initialization ContentProvider will call FacebookSdk.sdkInitialize automatically
226         with the application context. This config is merged in with the host app's manifest,
227         but there can only be one provider with the same authority activated at any given
228         point; so if the end user has two or more different apps that use Facebook SDK, only the
229         first one will be able to use the provider. To work around this problem, we use the
230         following placeholder in the authority to identify each host application as if it was
231         a completely different provider.
232        -->
233        <provider
233-->[com.facebook.android:facebook-core:8.1.0] AndroidManifest.xml:39:9-42:40
234            android:name="com.facebook.internal.FacebookInitProvider"
234-->[com.facebook.android:facebook-core:8.1.0] AndroidManifest.xml:40:13-70
235            android:authorities="com.codingwithflutter.time_tracker_flutter_course.FacebookInitProvider"
235-->[com.facebook.android:facebook-core:8.1.0] AndroidManifest.xml:41:13-72
236            android:exported="false" />
236-->[com.facebook.android:facebook-core:8.1.0] AndroidManifest.xml:42:13-37
237
238        <receiver
238-->[com.facebook.android:facebook-core:8.1.0] AndroidManifest.xml:44:9-50:20
239            android:name="com.facebook.CurrentAccessTokenExpirationBroadcastReceiver"
239-->[com.facebook.android:facebook-core:8.1.0] AndroidManifest.xml:45:13-86
240            android:exported="false" >
240-->[com.facebook.android:facebook-core:8.1.0] AndroidManifest.xml:46:13-37
241            <intent-filter>
241-->[com.facebook.android:facebook-core:8.1.0] AndroidManifest.xml:47:13-49:29
242                <action android:name="com.facebook.sdk.ACTION_CURRENT_ACCESS_TOKEN_CHANGED" />
242-->[com.facebook.android:facebook-core:8.1.0] AndroidManifest.xml:48:17-95
242-->[com.facebook.android:facebook-core:8.1.0] AndroidManifest.xml:48:25-92
243            </intent-filter>
244        </receiver>
245    </application>
246
247</manifest>